- Device platform: arm64-v8a
- Installing: 30.6 (30600)
- Copying image to cache
- Unpacking boot image
Parsing boot image: [/data/user_de/0/com.topjohnwu.magisk/install/boot.img]
HEADER_VER      [4]
KERNEL_SZ       [37915136]
RAMDISK_SZ      [0]
OS_VERSION      [13.0.0]
OS_PATCH_LEVEL  [2025-04]
PAGESIZE        [4096]
CMDLINE         []
KERNEL_FMT      [raw]
SAMSUNG_SEANDROID
VBMETA
- Checking ramdisk status
- Stock boot image detected
- Patching ramdisk
- Pre-init storage partition: sda35
Add file [init] (100750)
Create directory [overlay.d] (0750)
Create directory [overlay.d/sbin] (0750)
Add file [overlay.d/sbin/magisk.xz] (100644)
Add file [overlay.d/sbin/stub.xz] (100644)
Add file [overlay.d/sbin/init-ld.xz] (100644)
Patch with flag KEEPVERITY=[true] KEEPFORCEENCRYPT=[true]
Create directory [.backup] (0000)
Add file [.backup/.magisk] (100000)
Dumping cpio: [ramdisk.cpio]
Failed to patch
Patch @ 0x003BA4A0 [821B8012] -> [E2FF8F12]
Patch @ 0x0175FCF0 [70726F63615F636F6E66696700] -> [70726F63615F6D616769736B00]
Patch @ 0x0179C0EC [70726F63615F636F6E66696700] -> [70726F63615F6D616769736B00]
Patch @ 0x01EABD12 [70726F63615F636F6E66696700] -> [70726F63615F6D616769736B00]
Patch @ 0x01FC449B [70726F63615F636F6E66696700] -> [70726F63615F6D616769736B00]
- Repacking boot image
Parsing boot image: [/data/user_de/0/com.topjohnwu.magisk/install/boot.img]
HEADER_VER      [4]
KERNEL_SZ       [37915136]
RAMDISK_SZ      [0]
OS_VERSION      [13.0.0]
OS_PATCH_LEVEL  [2025-04]
PAGESIZE        [4096]
CMDLINE         []
KERNEL_FMT      [raw]
SAMSUNG_SEANDROID
VBMETA
Repack to boot image: [new-boot.img]
RAMDISK_FMT: [raw] -> [lz4_legacy]
HEADER_VER      [4]
KERNEL_SZ       [37915136]
RAMDISK_SZ      [352243]
OS_VERSION      [13.0.0]
OS_PATCH_LEVEL  [2025-04]
PAGESIZE        [4096]
CMDLINE         []

****************************
 Output file is written to 
 /storage/emulated/0/Download/magisk_patched-30600_3syqd.img 
****************************
cp: can't preserve ownership of 'busybox': Operation not permitted
cp: can't preserve ownership of 'init-ld': Operation not permitted
cp: can't preserve ownership of 'magisk': Operation not permitted
cp: can't preserve ownership of 'magiskboot': Operation not permitted
cp: can't preserve ownership of 'magiskinit': Operation not permitted
cp: can't preserve ownership of 'magiskpolicy': Operation not permitted
- All done!
